-------------------------------------------------------------------------------
Test set: assignments.assignments02.test.StudentAnalyzerTest
-------------------------------------------------------------------------------
Tests run: 1, Failures: 0, Errors: 1, Skipped: 0, Time elapsed: 0.031 s <<< FAILURE! -- in assignments.assignments02.test.StudentAnalyzerTest
assignments.assignments02.test.StudentAnalyzerTest -- Time elapsed: 0.031 s <<< ERROR!
java.lang.NoClassDefFoundError: assignments/assignments02/src/StudentAnalyzer
	at java.base/java.lang.Class.getDeclaredFields0(Native Method)
	at java.base/java.lang.Class.privateGetDeclaredFields(Class.java:3473)
	at java.base/java.lang.Class.getDeclaredFields(Class.java:2542)
	at java.base/java.util.ArrayList.forEach(ArrayList.java:1596)
Caused by: java.lang.ClassNotFoundException: assignments.assignments02.src.StudentAnalyzer
	at java.base/jdk.internal.loader.BuiltinClassLoader.loadClass(BuiltinClassLoader.java:641)
	at java.base/jdk.internal.loader.ClassLoaders$AppClassLoader.loadClass(ClassLoaders.java:188)
	at java.base/java.lang.ClassLoader.loadClass(ClassLoader.java:526)
	... 4 more

